2026-01-29 23:36:31 | INFO     | ✅ Конфигурация валидна
2026-01-29 23:36:31 | INFO     |    Chat ID: 1082930046
2026-01-29 23:36:31 | INFO     |    Интервал проверки: 30 сек
2026-01-29 23:36:43 | INFO     | ✅ Подключено к Telegram боту: @misha_huesos_v_golove_sql_bot
2026-01-29 23:36:43 | INFO     | 📁 Путь к базе данных: C:\Users\admin\OneDrive\Desktop\House-Builders-master\database\leads.db
2026-01-29 23:36:44 | INFO     | 🚀 Демон запущен. Проверка каждые 30 секунд. Нажмите Ctrl+C для остановки.

2026-01-29 23:39:53 | INFO     | ✅ Конфигурация валидна
2026-01-29 23:39:53 | INFO     |    Chat ID: 1082930046
2026-01-29 23:39:53 | INFO     |    Интервал проверки: 30 сек
2026-01-29 23:39:53 | INFO     | ✅ Подключено к Telegram боту: @misha_huesos_v_golove_sql_bot
2026-01-29 23:39:53 | INFO     | 📁 Путь к базе данных: C:\Users\admin\OneDrive\Desktop\House-Builders-master\database\leads.db
2026-01-29 23:39:54 | INFO     | 🚀 Демон запущен. Проверка каждые 30 секунд. Нажмите Ctrl+C для остановки.

2026-01-29 23:47:49 | INFO     | 
⚠️  Получен сигнал завершения (Interrupt). Завершаем работу...
2026-01-29 23:48:02 | INFO     | 🛑 Демон остановлен корректно
2026-01-29 23:48:12 | INFO     | ✅ Конфигурация валидна
2026-01-29 23:48:12 | INFO     |    Chat ID: 1082930046
2026-01-29 23:48:12 | INFO     |    Интервал проверки: 30 сек
2026-01-29 23:48:23 | INFO     | ✅ Подключено к Telegram боту: @misha_huesos_v_golove_sql_bot
2026-01-29 23:48:23 | INFO     | 📁 Путь к базе данных: C:\Users\admin\OneDrive\Desktop\House-Builders-master\database\leads.db
2026-01-29 23:48:24 | INFO     | 🚀 Демон запущен. Проверка каждые 30 секунд. Нажмите Ctrl+C для остановки.

2026-01-29 23:50:36 | INFO     | 
⚠️  Получен сигнал завершения (Interrupt). Завершаем работу...
2026-01-29 23:50:48 | INFO     | 🛑 Демон остановлен корректно
2026-01-29 23:50:49 | INFO     | ✅ Конфигурация валидна
2026-01-29 23:50:49 | INFO     |    Chat ID: 1082930046
2026-01-29 23:50:49 | INFO     |    Интервал проверки: 30 сек
2026-01-29 23:50:50 | INFO     | ✅ Подключено к Telegram боту: @misha_huesos_v_golove_sql_bot
2026-01-29 23:50:50 | INFO     | 📁 Путь к базе данных: C:\Users\admin\OneDrive\Desktop\House-Builders-master\database\leads.db
2026-01-29 23:50:50 | INFO     | 🚀 Демон запущен. Проверка каждые 30 секунд. Нажмите Ctrl+C для остановки.

2026-01-29 23:53:20 | INFO     | 
⚠️  Получен сигнал завершения (Interrupt). Завершаем работу...
2026-01-29 23:53:32 | INFO     | 🛑 Демон остановлен корректно
2026-01-29 23:54:09 | INFO     | ✅ Конфигурация валидна
2026-01-29 23:54:09 | INFO     |    Chat ID: 1082930046
2026-01-29 23:54:09 | INFO     |    Интервал проверки: 30 сек
2026-01-29 23:54:09 | INFO     | ✅ Подключено к Telegram боту: @misha_huesos_v_golove_sql_bot
2026-01-29 23:54:09 | INFO     | 📁 Путь к базе данных: C:\Users\admin\OneDrive\Desktop\House-Builders-master\database\leads.db
2026-01-29 23:54:10 | INFO     | 🚀 Демон запущен. Вебхук: порт 8765. Опрос каждые 30 сек. Ctrl+C для остановки.

2026-01-29 23:54:25 | INFO     | 📡 Вебхук запущен: POST http://localhost:8765/new-lead — заявки приходят сразу в Telegram
2026-01-29 23:59:23 | INFO     | ✅ Конфигурация валидна
2026-01-29 23:59:23 | INFO     |    Chat ID: 1082930046
2026-01-29 23:59:23 | INFO     |    Интервал проверки: 30 сек
2026-01-29 23:59:35 | INFO     | ✅ Подключено к Telegram боту: @misha_huesos_v_golove_sql_bot
2026-01-29 23:59:35 | INFO     | 📁 Путь к базе данных: C:\Users\admin\OneDrive\Desktop\House-Builders-master\database\leads.db
2026-01-29 23:59:35 | INFO     | 🚀 Демон запущен. Вебхук: порт 8765. Опрос каждые 30 сек. Ctrl+C для остановки.

2026-01-29 23:59:51 | INFO     | 📡 Вебхук запущен: POST http://localhost:8765/new-lead — заявки приходят сразу в Telegram
2026-01-30 00:26:24 | INFO     | ============================================================
2026-01-30 00:26:24 | INFO     | 🚀 ЗАПУСК ДЕМОНА УВЕДОМЛЕНИЙ
2026-01-30 00:26:24 | INFO     | ============================================================
2026-01-30 00:26:24 | INFO     | Текущая директория: C:\Users\admin\OneDrive\Desktop\House-Builders-master
2026-01-30 00:26:24 | INFO     | Путь к скрипту: C:\Users\admin\OneDrive\Desktop\House-Builders-master\telegram_bot\bot.py
2026-01-30 00:26:24 | INFO     | TELEGRAM_BOT_TOKEN: ✅ Задан
2026-01-30 00:26:24 | INFO     |   Токен (первые 10 симв.): 8517056270...
2026-01-30 00:26:24 | INFO     | TELEGRAM_CHAT_ID: 1082930046
2026-01-30 00:26:24 | INFO     | DATABASE_PATH (из .env): database\leads.json
2026-01-30 00:26:24 | INFO     | Результирующий путь к БД: C:\Users\admin\OneDrive\Desktop\House-Builders-master\database\leads.db
2026-01-30 00:26:24 | INFO     | Файл БД существует: ✅ Да
2026-01-30 00:26:24 | INFO     | Заявок всего: 0
2026-01-30 00:26:24 | INFO     | Неотправленных (notified_at IS NULL): 0
2026-01-30 00:26:24 | INFO     | Интервал проверки: 30 сек
2026-01-30 00:26:24 | INFO     | ============================================================

2026-01-30 00:26:25 | INFO     | 🕗 Демон работает. Нажмите Ctrl+C для остановки.

2026-01-30 00:30:51 | INFO     | 
⚠️  Получен сигнал Interrupt. Завершаем работу...
2026-01-30 00:30:52 | INFO     | 🛑 Демон остановлен корректно
2026-01-30 00:42:16 | INFO     | ✅ Конфигурация валидна
2026-01-30 00:42:16 | INFO     |    Chat ID: 1082930046
2026-01-30 00:42:16 | INFO     |    Интервал проверки: 5 сек
2026-01-30 00:42:27 | INFO     | ✅ Подключено к боту: @misha_huesos_v_golove_sql_bot
2026-01-30 00:42:27 | INFO     | 📁 Файл заявок: C:\Users\admin\OneDrive\Desktop\House-Builders-master\database\leads.json
2026-01-30 00:42:28 | INFO     | 🚀 Бот запущен. Проверка каждые 5 сек. Ctrl+C для остановки.

2026-01-30 00:42:28 | INFO     | 📤 Отправка заявки: Михаил (+7 (113) 232-12-31)
2026-01-30 00:42:29 | INFO     | ✅ Заявка отправлена в Telegram
2026-01-30 00:42:29 | INFO     | 📤 Отправка заявки: ывавыаффвыаваы (+7 (113) 232-12-31)
2026-01-30 00:42:29 | INFO     | ✅ Заявка отправлена в Telegram
2026-01-30 00:42:30 | INFO     | 📊 Всего отправлено: 2, ошибок: 0
2026-01-30 00:43:40 | INFO     | 📤 Отправка заявки: ывавыаффвыаваы (+7 (113) 232-12-31)
2026-01-30 00:43:41 | INFO     | ✅ Заявка отправлена в Telegram
2026-01-30 00:43:41 | INFO     | 📊 Всего отправлено: 3, ошибок: 0
2026-01-30 00:45:26 | INFO     | 📤 Отправка заявки: михаил петух (+7 (113) 232-12-31)
2026-01-30 00:45:38 | INFO     | ✅ Заявка отправлена в Telegram
2026-01-30 00:45:38 | INFO     | 📊 Всего отправлено: 4, ошибок: 0
2026-01-30 00:46:25 | INFO     | 
⚠️  Завершение работы...
2026-01-30 00:46:38 | INFO     | 🛑 Бот остановлен
2026-01-30 00:46:42 | INFO     | ✅ Конфигурация валидна
2026-01-30 00:46:42 | INFO     |    Chat ID: 1082930046
2026-01-30 00:46:42 | INFO     |    Интервал проверки: 5 сек
2026-01-30 00:46:42 | INFO     | ✅ Подключено к боту: @misha_huesos_v_golove_sql_bot
2026-01-30 00:46:42 | INFO     | 📁 Файл заявок: C:\Users\admin\OneDrive\Desktop\House-Builders-master\database\leads.json
2026-01-30 00:46:43 | INFO     | 🚀 Бот запущен. Проверка каждые 5 сек. Ctrl+C для остановки.

2026-01-30 00:46:53 | INFO     | 📤 Отправка заявки: Олег Кенсанович (+7 (918) 332-32-32)
2026-01-30 00:46:54 | INFO     | ✅ Заявка отправлена в Telegram
2026-01-30 00:46:54 | INFO     | 📊 Всего отправлено: 1, ошибок: 0
2026-01-30 00:47:54 | INFO     | 📤 Отправка заявки: Виктория Барсукова (+7 (918) 872-13-72)
2026-01-30 00:48:06 | INFO     | ✅ Заявка отправлена в Telegram
2026-01-30 00:48:06 | INFO     | 📊 Всего отправлено: 2, ошибок: 0
2026-01-30 00:48:41 | INFO     | 📤 Отправка заявки: Александр Бочаров (+7 (918) 383-42-08)
2026-01-30 00:48:42 | INFO     | ✅ Заявка отправлена в Telegram
2026-01-30 00:48:42 | INFO     | 📊 Всего отправлено: 3, ошибок: 0
2026-01-30 00:49:31 | INFO     | 
⚠️  Завершение работы...
2026-01-30 00:49:43 | INFO     | 🛑 Бот остановлен
2026-01-30 00:50:24 | INFO     | ✅ Конфигурация валидна
2026-01-30 00:50:24 | INFO     |    Chat ID: 1082930046
2026-01-30 00:50:24 | INFO     |    Интервал проверки: 5 сек
2026-01-30 00:50:35 | INFO     | ✅ Подключено к боту: @misha_huesos_v_golove_sql_bot
2026-01-30 00:50:35 | INFO     | 📁 Файл заявок: C:\Users\admin\OneDrive\Desktop\House-Builders-master\database\leads.json
2026-01-30 00:50:35 | INFO     | ⏭️  Пропущено 2 старых заявок (только новые будут отправляться)
2026-01-30 00:50:36 | INFO     | 🚀 Бот запущен. Проверка каждые 5 сек. Ctrl+C для остановки.

2026-01-30 00:51:06 | INFO     | 📤 Отправка заявки: пудж (+7 (239) 129-39-21)
2026-01-30 00:51:17 | INFO     | 
⚠️  Завершение работы...
2026-01-30 00:51:18 | INFO     | ✅ Заявка отправлена в Telegram
2026-01-30 00:51:18 | INFO     | 📊 Всего отправлено: 1, ошибок: 0
2026-01-30 00:51:19 | INFO     | 🛑 Бот остановлен
2026-01-30 00:51:36 | INFO     | ✅ Конфигурация валидна
2026-01-30 00:51:36 | INFO     |    Chat ID: 1082930046
2026-01-30 00:51:36 | INFO     |    Интервал проверки: 5 сек
2026-01-30 00:51:47 | INFO     | ✅ Подключено к боту: @misha_huesos_v_golove_sql_bot
2026-01-30 00:51:47 | INFO     | 📁 Файл заявок: C:\Users\admin\OneDrive\Desktop\House-Builders-master\database\leads.json
2026-01-30 00:51:47 | INFO     | ⏭️  Пропущено 1 старых заявок (только новые будут отправляться)
2026-01-30 00:51:48 | INFO     | 🚀 Бот запущен. Проверка каждые 5 сек. Ctrl+C для остановки.

2026-01-30 00:53:04 | INFO     | ✅ Конфигурация валидна
2026-01-30 00:53:04 | INFO     |    Chat ID: 1082930046
2026-01-30 00:53:04 | INFO     |    Интервал проверки: 5 сек
2026-01-30 00:53:16 | INFO     | ✅ Подключено к боту: @misha_huesos_v_golove_sql_bot
2026-01-30 00:53:16 | INFO     | 📁 Файл заявок: C:\Users\admin\OneDrive\Desktop\House-Builders-master\database\leads.json
2026-01-30 00:53:16 | INFO     | 🚀 Бот запущен. Проверка каждые 5 сек. Ctrl+C для остановки.

2026-01-30 00:53:31 | INFO     | 📤 Отправка заявки: фывфы (+7 (113) 232-12-31)
2026-01-30 00:53:43 | INFO     | ✅ Заявка отправлена в Telegram
2026-01-30 00:53:43 | INFO     | 📊 Всего отправлено: 1, ошибок: 0
2026-01-30 00:53:50 | INFO     | 
⚠️  Завершение работы...
2026-01-30 00:53:51 | INFO     | 🛑 Бот остановлен
2026-01-30 00:54:10 | INFO     | ✅ Конфигурация валидна
2026-01-30 00:54:10 | INFO     |    Chat ID: 1082930046
2026-01-30 00:54:10 | INFO     |    Интервал проверки: 5 сек
2026-01-30 00:54:21 | INFO     | ✅ Подключено к боту: @misha_huesos_v_golove_sql_bot
2026-01-30 00:54:21 | INFO     | 📁 Файл заявок: C:\Users\admin\OneDrive\Desktop\House-Builders-master\database\leads.json
2026-01-30 00:54:21 | INFO     | ⏭️  Пропущено 2 старых заявок (только новые будут отправляться)
2026-01-30 00:54:22 | INFO     | 🚀 Бот запущен. Проверка каждые 5 сек. Ctrl+C для остановки.

2026-01-30 00:55:27 | INFO     | 
⚠️  Завершение работы...
2026-01-30 00:55:28 | INFO     | 🛑 Бот остановлен
2026-01-30 00:56:23 | INFO     | ✅ Конфигурация валидна
2026-01-30 00:56:24 | INFO     | ✅ Подключено к боту: @misha_huesos_v_golove_sql_bot
2026-01-30 00:56:24 | INFO     | 📁 Файл заявок: C:\Users\admin\OneDrive\Desktop\House-Builders-master\database\leads.json
2026-01-30 00:56:24 | INFO     | 📬 Найдено 1 неотправленных заявок, отправляю...
2026-01-30 00:56:25 | INFO     | ✅ Отправлено: 1, ошибок: 0
2026-01-30 00:56:25 | INFO     | 🚀 Бот запущен. Проверка каждые 5 сек. Ctrl+C для остановки.

2026-01-30 00:56:50 | INFO     | ✅ Конфигурация валидна
2026-01-30 00:57:02 | INFO     | ✅ Подключено к боту: @misha_huesos_v_golove_sql_bot
2026-01-30 00:57:02 | INFO     | 📁 Файл заявок: C:\Users\admin\OneDrive\Desktop\House-Builders-master\database\leads.json
2026-01-30 00:57:02 | INFO     | 📬 Найдено 1 неотправленных заявок, отправляю...
2026-01-30 00:57:03 | INFO     | ✅ Отправлено: 1, ошибок: 0
2026-01-30 00:57:04 | INFO     | 🚀 Бот запущен. Проверка каждые 5 сек. Ctrl+C для остановки.

2026-01-30 00:59:34 | INFO     | 
⚠️  Завершение работы...
2026-01-30 00:59:35 | INFO     | 🛑 Бот остановлен
2026-01-30 01:00:29 | INFO     | ✅ Конфигурация валидна
2026-01-30 01:00:29 | INFO     |    Chat IDs: 1082930046
2026-01-30 01:00:30 | INFO     | ✅ Подключено к боту: @misha_huesos_v_golove_sql_bot
2026-01-30 01:00:30 | INFO     | 📁 Файл заявок: C:\Users\admin\OneDrive\Desktop\House-Builders-master\database\leads.json
2026-01-30 01:00:31 | INFO     | 🚀 Бот запущен. Проверка каждые 5 сек. Ctrl+C для остановки.

2026-01-30 01:02:05 | INFO     | ✅ Конфигурация валидна
2026-01-30 01:02:05 | INFO     |    Chat IDs: 1082930046, 770654018, 2104482122
2026-01-30 01:02:05 | INFO     | ✅ Подключено к боту: @misha_huesos_v_golove_sql_bot
2026-01-30 01:02:05 | INFO     | 📁 Файл заявок: C:\Users\admin\OneDrive\Desktop\House-Builders-master\database\leads.json
2026-01-30 01:02:05 | INFO     | 📬 Найдено 1 неотправленных заявок, отправляю...
2026-01-30 01:02:08 | INFO     | ✅ Отправлено: 1, ошибок: 0
2026-01-30 01:02:09 | INFO     | 🚀 Бот запущен. Проверка каждые 5 сек. Ctrl+C для остановки.

2026-01-30 01:02:52 | INFO     | 
⚠️  Завершение работы...
2026-01-30 01:03:05 | INFO     | 🛑 Бот остановлен
